<?xml version="1.0" encoding="UTF-8"?>
<!-- Generated by org.testng.reporters.JUnitReportReporter -->
<testsuite hostname="MMKTECHPC-363" failures="0" tests="2" name="TESTNG2annotationspackageforunderstanding.Allannotationsheirarchy" time="0.071" errors="0" timestamp="2025-02-28T18:38:20 IST" skipped="0">
  <testcase classname="TESTNG2annotationspackageforunderstanding.Allannotationsheirarchy" name="test2" time="0.066"/>
  <testcase classname="TESTNG2annotationspackageforunderstanding.Allannotationsheirarchy" name="test1" time="0.005"/>
</testsuite> <!-- TESTNG2annotationspackageforunderstanding.Allannotationsheirarchy -->
