<?xml version="1.0" encoding="UTF-8"?>
<!-- Generated by org.testng.reporters.JUnitReportReporter -->
<testsuite hostname="MMKTECHPC-363" failures="0" tests="4" name="TestNG.OrangeHRMdemo" time="12.955" errors="0" timestamp="2025-02-28T15:42:10 IST" skipped="0">
  <testcase classname="TestNG.OrangeHRMdemo" name="openapp" time="4.715"/>
  <testcase classname="TestNG.OrangeHRMdemo" name="testlogo" time="3.083"/>
  <testcase classname="TestNG.OrangeHRMdemo" name="login" time="4.937"/>
  <testcase classname="TestNG.OrangeHRMdemo" name="closeapp" time="0.220"/>
</testsuite> <!-- TestNG.OrangeHRMdemo -->
