<?xml version="1.0" encoding="UTF-8"?>
<!-- Generated by org.testng.reporters.JUnitReportReporter -->
<testsuite hostname="MMKTECHPC-363" failures="0" tests="2" name="TESTNG2annotationspackageforunderstanding.c1" time="0.067" errors="0" timestamp="2025-02-28T18:30:25 IST" skipped="0">
  <testcase classname="TESTNG2annotationspackageforunderstanding.c1" name="abc" time="0.002"/>
  <testcase classname="TESTNG2annotationspackageforunderstanding.c1" name="abc" time="0.065"/>
</testsuite> <!-- TESTNG2annotationspackageforunderstanding.c1 -->
