<?xml version="1.0" encoding="UTF-8"?>
<!-- Generated by org.testng.reporters.JUnitReportReporter -->
<testsuite hostname="MMKTECHPC-363" failures="0" tests="2" name="TESTNG2annotationspackageforunderstanding.c3" time="0.005" errors="0" timestamp="2025-02-28T18:30:25 IST" skipped="0">
  <testcase classname="TESTNG2annotationspackageforunderstanding.c3" name="fgh" time="0.002"/>
  <testcase classname="TESTNG2annotationspackageforunderstanding.c3" name="fgh" time="0.003"/>
</testsuite> <!-- TESTNG2annotationspackageforunderstanding.c3 -->
